2    (line 289) INFO  MolSim - Hello from MolSim for PSE!
2    (line 292) INFO  MolSim - Detect available tests
2    (line 349) INFO  MolSim - Reading parameter-file measurement/input_measurement.xml
3    (line 360) DEBUG MolSim - Checking parameter-file
11   (line 376) DEBUG MolSim - Reading in parameters
11   (line 391) DEBUG MolSim - Check END_T and DELTA_T
11   (line 401) DEBUG MolSim - Check if output is specified
11   (line 412) WARN  MolSim - No output specified
11   (line 419) DEBUG MolSim - Reading in input files
11   (line 444) DEBUG MolSim - Reading in cuboids
11   (line 482) INFO  MolSim - Reading in cuboid at [0.6;2;0;] with velocity [0;0;0;], dimensions [250;40;1;], mass 1, distance 1.2, sigma 1.2, epsilon 1 and type 1
13   (line 482) INFO  MolSim - Reading in cuboid at [0.6;52;0;] with velocity [0;0;0;], dimensions [250;40;1;], mass 2, distance 1.2, sigma 1.1, epsilon 1 and type 2
15   (line 546) DEBUG MolSim - Reading in spheres
15   (line 588) DEBUG MolSim - Detect if domain size is specified
15   (line 599) INFO  MolSim - Domain [300;110;0;] with cutoff-radius 3
16   (line 604) INFO  MolSim - In x-dimension the lower boundary condition is periodic and the upper periodic
16   (line 613) INFO  MolSim - In y-dimension the lower boundary condition is reflecting and the upper reflecting
16   (line 638) DEBUG MolSim - Create LinkedCellParticleContainer
16   (line 16 ) INFO  LinkedCellParticleContainer - Create LinkedCellParticleContainer
16   (line 67 ) INFO  LinkedCellParticleContainer - Create 3978 cells
16   (line 153) DEBUG LinkedCellParticleContainer - Created 270 boundary cells
16   (line 154) DEBUG LinkedCellParticleContainer - Created 278 halo cells
16   (line 156) DEBUG LinkedCellParticleContainer - Create cell pairs
19   (line 272) DEBUG LinkedCellParticleContainer - Created 19469 cell pairs
19   (line 273) DEBUG LinkedCellParticleContainer - Created 818 periodic cell pairs
19   (line 645) DEBUG MolSim - Real domain size is [300;111;0;]
19   (line 655) INFO  MolSim - Add 20000 particles to ParticleContainer
22   (line 661) DEBUG MolSim - Detect if gravitation is specified
23   (line 669) INFO  MolSim - Gravitation is set to [0;-12.44;0;]
23   (line 672) DEBUG MolSim - Detect if parameters for Thermostat are specified
23   (line 100) INFO  Thermostat - Mean velocity for Maxwell Boltzmann Distribution is 6.32456
25   (line 684) INFO  MolSim - Superpose velocity of particles to get initial temperature with temperature 40 in 2 dimensions
26   (line 708) DEBUG MolSim - Regulation frequency for Thermostat is 0
26   (line 727) INFO  MolSim - Set potential for force calulation to Lennard-Jones potential
37   (line 778) INFO  MolSim - Start simulation from time 0 to 0.5 with time steps 0.0005
37   (line 779) INFO  MolSim - Expecting 1000 simulation steps
53   (line 924) DEBUG MolSim - Expected remaining runtime 16.2827s (iteration 1/1000)
65   (line 832) INFO  MolSim - Diffusion 0.0005: 0.00397553
65   (line 842) INFO  MolSim - RDF 0.0005: (0, 0) (1, 0) (2, 0) (3, 9368.63) (4, 5745.23) (5, 7548.49) (6, 0) (7, 2026.32) (8, 7823.69) (9, 0.391525) 
15057 (line 924) DEBUG MolSim - Expected remaining runtime 1.46734s (iteration 911/1000)
16586 (line 931) INFO  MolSim - End simulation in 16.5485 seconds
16586 (line 934) INFO  MolSim - 0.0165485 per iteration
